0 info it worked if it ends with ok
1 verbose cli [
1 verbose cli   'C:\\Program Files\\nodejs\\node.exe',
1 verbose cli   'C:\\Users\\kimhorng\\AppData\\Roaming\\npm\\node_modules\\npm\\bin\\npm-cli.js',
1 verbose cli   'run',
1 verbose cli   'dev'
1 verbose cli ]
2 info using npm@6.14.8
3 info using node@v12.16.3
4 verbose stack Error: missing script: dev
4 verbose stack     at run (C:\Users\kimhorng\AppData\Roaming\npm\node_modules\npm\lib\run-script.js:155:19)
4 verbose stack     at C:\Users\kimhorng\AppData\Roaming\npm\node_modules\npm\lib\run-script.js:63:5
4 verbose stack     at C:\Users\kimhorng\AppData\Roaming\npm\node_modules\npm\node_modules\read-package-json\read-json.js:116:5
4 verbose stack     at C:\Users\kimhorng\AppData\Roaming\npm\node_modules\npm\node_modules\read-package-json\read-json.js:436:5
4 verbose stack     at checkBinReferences_ (C:\Users\kimhorng\AppData\Roaming\npm\node_modules\npm\node_modules\read-package-json\read-json.js:391:45)
4 verbose stack     at final (C:\Users\kimhorng\AppData\Roaming\npm\node_modules\npm\node_modules\read-package-json\read-json.js:434:3)
4 verbose stack     at then (C:\Users\kimhorng\AppData\Roaming\npm\node_modules\npm\node_modules\read-package-json\read-json.js:161:5)
4 verbose stack     at ReadFileContext.<anonymous> (C:\Users\kimhorng\AppData\Roaming\npm\node_modules\npm\node_modules\read-package-json\read-json.js:367:18)
4 verbose stack     at ReadFileContext.callback (C:\Users\kimhorng\AppData\Roaming\npm\node_modules\npm\node_modules\graceful-fs\graceful-fs.js:123:16)
4 verbose stack     at FSReqCallback.readFileAfterOpen [as oncomplete] (fs.js:257:13)
5 verbose cwd C:\Users\kimhorng\Desktop\Vue_Express_MongoDb
6 verbose Windows_NT 10.0.18362
7 verbose argv "C:\\Program Files\\nodejs\\node.exe" "C:\\Users\\kimhorng\\AppData\\Roaming\\npm\\node_modules\\npm\\bin\\npm-cli.js" "run" "dev"
8 verbose node v12.16.3
9 verbose npm  v6.14.8
10 error missing script: dev
11 verbose exit [ 1, true ]
